# JRE version: 7.0_11-b21
# Java VM: Java HotSpot(TM) 64-Bit Server VM (23.6-b04 mixed mode windows-amd64 compressed oops)
Heap
 PSYoungGen      total 16640K, used 6385K [0x00000000fa000000, 0x00000000fb460000, 0x0000000100000000)
  eden space 13120K, 27% used [0x00000000fa000000,0x00000000fa3909c0,0x00000000facd0000)
  from space 3520K, 77% used [0x00000000fb080000,0x00000000fb32bd20,0x00000000fb3f0000)
  to   space 3776K, 0% used [0x00000000facd0000,0x00000000facd0000,0x00000000fb080000)
 ParOldGen       total 122496K, used 83595K [0x00000000e8000000, 0x00000000ef7a0000, 0x00000000fa000000)
  object space 122496K, 68% used [0x00000000e8000000,0x00000000ed1a2dc0,0x00000000ef7a0000)
 PSPermGen       total 81152K, used 79069K [0x00000000e0000000, 0x00000000e4f40000, 0x00000000e8000000)
  object space 81152K, 97% used [0x00000000e0000000,0x00000000e4d37700,0x00000000e4f40000)
GC Heap History (10 events):
Event: 779957.108 GC heap before
{Heap before GC invocations=7060 (full 40):
 PSYoungGen      total 14848K, used 13903K [0x00000000fa000000, 0x00000000fb070000, 0x0000000100000000)
  eden space 13184K, 100% used [0x00000000fa000000,0x00000000face0000,0x00000000face0000)
  from space 1664K, 43% used [0x00000000face0000,0x00000000fad93d10,0x00000000fae80000)
  to   space 1600K, 0% used [0x00000000faee0000,0x00000000faee0000,0x00000000fb070000)
 ParOldGen       total 122496K, used 81550K [0x00000000e8000000, 0x00000000ef7a0000, 0x00000000fa000000)
  object space 122496K, 66% used [0x00000000e8000000,0x00000000ecfa39e0,0x00000000ef7a0000)
 PSPermGen       total 81152K, used 78933K [0x00000000e0000000, 0x00000000e4f40000, 0x00000000e8000000)
  object space 81152K, 97% used [0x00000000e0000000,0x00000000e4d155e8,0x00000000e4f40000)
Event: 779957.116 GC heap after
Heap after GC invocations=7060 (full 40):
 PSYoungGen      total 14976K, used 1576K [0x00000000fa000000, 0x00000000fb0e0000, 0x0000000100000000)
  eden space 13376K, 0% used [0x00000000fa000000,0x00000000fa000000,0x00000000fad10000)
  from space 1600K, 98% used [0x00000000faee0000,0x00000000fb06a370,0x00000000fb070000)
  to   space 1856K, 0% used [0x00000000fad10000,0x00000000fad10000,0x00000000faee0000)
 ParOldGen       total 122496K, used 81791K [0x00000000e8000000, 0x00000000ef7a0000, 0x00000000fa000000)
  object space 122496K, 66% used [0x00000000e8000000,0x00000000ecfdfd88,0x00000000ef7a0000)
 PSPermGen       total 81152K, used 78933K [0x00000000e0000000, 0x00000000e4f40000, 0x00000000e8000000)
  object space 81152K, 97% used [0x00000000e0000000,0x00000000e4d155e8,0x00000000e4f40000)
}
Event: 779957.314 GC heap before
{Heap before GC invocations=7061 (full 40):
 PSYoungGen      total 14976K, used 14952K [0x00000000fa000000, 0x00000000fb0e0000, 0x0000000100000000)
  eden space 13376K, 100% used [0x00000000fa000000,0x00000000fad10000,0x00000000fad10000)
  from space 1600K, 98% used [0x00000000faee0000,0x00000000fb06a370,0x00000000fb070000)
  to   space 1856K, 0% used [0x00000000fad10000,0x00000000fad10000,0x00000000faee0000)
 ParOldGen       total 122496K, used 81791K [0x00000000e8000000, 0x00000000ef7a0000, 0x00000000fa000000)
  object space 122496K, 66% used [0x00000000e8000000,0x00000000ecfdfd88,0x00000000ef7a0000)
 PSPermGen       total 81152K, used 79007K [0x00000000e0000000, 0x00000000e4f40000, 0x00000000e8000000)
  object space 81152K, 97% used [0x00000000e0000000,0x00000000e4d27f78,0x00000000e4f40000)
Event: 779957.322 GC heap after
Heap after GC invocations=7061 (full 40):
 PSYoungGen      total 15232K, used 1832K [0x00000000fa000000, 0x00000000fb200000, 0x0000000100000000)
  eden space 13376K, 0% used [0x00000000fa000000,0x00000000fa000000,0x00000000fad10000)
  from space 1856K, 98% used [0x00000000fad10000,0x00000000faeda370,0x00000000faee0000)
  to   space 2304K, 0% used [0x00000000fafc0000,0x00000000fafc0000,0x00000000fb200000)
 ParOldGen       total 122496K, used 82276K [0x00000000e8000000, 0x00000000ef7a0000, 0x00000000fa000000)
  object space 122496K, 67% used [0x00000000e8000000,0x00000000ed0593d8,0x00000000ef7a0000)
 PSPermGen       total 81152K, used 79007K [0x00000000e0000000, 0x00000000e4f40000, 0x00000000e8000000)
  object space 81152K, 97% used [0x00000000e0000000,0x00000000e4d27f78,0x00000000e4f40000)
}
Event: 779957.476 GC heap before
{Heap before GC invocations=7062 (full 40):
 PSYoungGen      total 15232K, used 15208K [0x00000000fa000000, 0x00000000fb200000, 0x0000000100000000)
  eden space 13376K, 100% used [0x00000000fa000000,0x00000000fad10000,0x00000000fad10000)
  from space 1856K, 98% used [0x00000000fad10000,0x00000000faeda370,0x00000000faee0000)
  to   space 2304K, 0% used [0x00000000fafc0000,0x00000000fafc0000,0x00000000fb200000)
 ParOldGen       total 122496K, used 82276K [0x00000000e8000000, 0x00000000ef7a0000, 0x00000000fa000000)
  object space 122496K, 67% used [0x00000000e8000000,0x00000000ed0593d8,0x00000000ef7a0000)
 PSPermGen       total 81152K, used 79026K [0x00000000e0000000, 0x00000000e4f40000, 0x00000000e8000000)
  object space 81152K, 97% used [0x00000000e0000000,0x00000000e4d2c8b8,0x00000000e4f40000)
Event: 779957.483 GC heap after
Heap after GC invocations=7062 (full 40):
 PSYoungGen      total 15296K, used 2276K [0x00000000fa000000, 0x00000000fb3b0000, 0x0000000100000000)
  eden space 12992K, 0% used [0x00000000fa000000,0x00000000fa000000,0x00000000facb0000)
  from space 2304K, 98% used [0x00000000fafc0000,0x00000000fb1f9158,0x00000000fb200000)
  to   space 3136K, 0% used [0x00000000facb0000,0x00000000facb0000,0x00000000fafc0000)
 ParOldGen       total 122496K, used 83595K [0x00000000e8000000, 0x00000000ef7a0000, 0x00000000fa000000)
  object space 122496K, 68% used [0x00000000e8000000,0x00000000ed1a2dc0,0x00000000ef7a0000)
 PSPermGen       total 81152K, used 79026K [0x00000000e0000000, 0x00000000e4f40000, 0x00000000e8000000)
  object space 81152K, 97% used [0x00000000e0000000,0x00000000e4d2c8b8,0x00000000e4f40000)
}
Event: 779968.679 GC heap before
{Heap before GC invocations=7063 (full 40):
 PSYoungGen      total 15296K, used 15268K [0x00000000fa000000, 0x00000000fb3b0000, 0x0000000100000000)
  eden space 12992K, 100% used [0x00000000fa000000,0x00000000facb0000,0x00000000facb0000)
  from space 2304K, 98% used [0x00000000fafc0000,0x00000000fb1f9158,0x00000000fb200000)
  to   space 3136K, 0% used [0x00000000facb0000,0x00000000facb0000,0x00000000fafc0000)
 ParOldGen       total 122496K, used 83595K [0x00000000e8000000, 0x00000000ef7a0000, 0x00000000fa000000)
  object space 122496K, 68% used [0x00000000e8000000,0x00000000ed1a2dc0,0x00000000ef7a0000)
 PSPermGen       total 81152K, used 79041K [0x00000000e0000000, 0x00000000e4f40000, 0x00000000e8000000)
  object space 81152K, 97% used [0x00000000e0000000,0x00000000e4d304e8,0x00000000e4f40000)
Event: 779968.690 GC heap after
Heap after GC invocations=7063 (full 40):
 PSYoungGen      total 16128K, used 2948K [0x00000000fa000000, 0x00000000fb3f0000, 0x0000000100000000)
  eden space 12992K, 0% used [0x00000000fa000000,0x00000000fa000000,0x00000000facb0000)
  from space 3136K, 94% used [0x00000000facb0000,0x00000000faf91158,0x00000000fafc0000)
  to   space 3520K, 0% used [0x00000000fb080000,0x00000000fb080000,0x00000000fb3f0000)
 ParOldGen       total 122496K, used 83595K [0x00000000e8000000, 0x00000000ef7a0000, 0x00000000fa000000)
  object space 122496K, 68% used [0x00000000e8000000,0x00000000ed1a2dc0,0x00000000ef7a0000)
 PSPermGen       total 81152K, used 79041K [0x00000000e0000000, 0x00000000e4f40000, 0x00000000e8000000)
  object space 81152K, 97% used [0x00000000e0000000,0x00000000e4d304e8,0x00000000e4f40000)
}
Event: 779987.433 GC heap before
{Heap before GC invocations=7064 (full 40):
 PSYoungGen      total 16128K, used 15940K [0x00000000fa000000, 0x00000000fb3f0000, 0x0000000100000000)
  eden space 12992K, 100% used [0x00000000fa000000,0x00000000facb0000,0x00000000facb0000)
  from space 3136K, 94% used [0x00000000facb0000,0x00000000faf91158,0x00000000fafc0000)
  to   space 3520K, 0% used [0x00000000fb080000,0x00000000fb080000,0x00000000fb3f0000)
 ParOldGen       total 122496K, used 83595K [0x00000000e8000000, 0x00000000ef7a0000, 0x00000000fa000000)
  object space 122496K, 68% used [0x00000000e8000000,0x00000000ed1a2dc0,0x00000000ef7a0000)
 PSPermGen       total 81152K, used 79062K [0x00000000e0000000, 0x00000000e4f40000, 0x00000000e8000000)
  object space 81152K, 97% used [0x00000000e0000000,0x00000000e4d35910,0x00000000e4f40000)
Event: 779987.440 GC heap after
Heap after GC invocations=7064 (full 40):
 PSYoungGen      total 16640K, used 2735K [0x00000000fa000000, 0x00000000fb460000, 0x0000000100000000)
  eden space 13120K, 0% used [0x00000000fa000000,0x00000000fa000000,0x00000000facd0000)
  from space 3520K, 77% used [0x00000000fb080000,0x00000000fb32bd20,0x00000000fb3f0000)
  to   space 3776K, 0% used [0x00000000facd0000,0x00000000facd0000,0x00000000fb080000)
 ParOldGen       total 122496K, used 83595K [0x00000000e8000000, 0x00000000ef7a0000, 0x00000000fa000000)
  object space 122496K, 68% used [0x00000000e8000000,0x00000000ed1a2dc0,0x00000000ef7a0000)
 PSPermGen       total 81152K, used 79062K [0x00000000e0000000, 0x00000000e4f40000, 0x00000000e8000000)
  object space 81152K, 97% used [0x00000000e0000000,0x00000000e4d35910,0x00000000e4f40000)
}

